2021-07-21T00:54:53+00:00 CRITICAL Maximum execution time of 120 seconds exceeded in D:\wamp64\www\job\gco\wp\do-go-nam-phat\wp-admin\includes\class-wp-filesystem-direct.php on line 80

2021-07-21T01:33:22+00:00 CRITICAL Object of class WP_Error could not be converted to string in D:\wamp64\www\job\gco\wp\do-go-nam-phat\wp-content\themes\do-go-nam-phat\inc\breadcrumbs\breadcrumb-content.php on line 78

2021-07-21T03:16:17+00:00 CRITICAL Maximum execution time of 120 seconds exceeded in D:\wamp64\www\job\gco\wp\do-go-nam-phat\wp-admin\includes\class-wp-filesystem-direct.php on line 80

2021-07-21T03:30:53+00:00 CRITICAL syntax error, unexpected ',' in D:\wamp64\www\job\gco\wp\do-go-nam-phat\wp-content\themes\do-go-nam-phat\inc\woocommerce.php on line 399

2021-07-21T03:31:09+00:00 CRITICAL syntax error, unexpected ',' in D:\wamp64\www\job\gco\wp\do-go-nam-phat\wp-content\themes\do-go-nam-phat\inc\woocommerce.php on line 399

2021-07-21T03:31:09+00:00 CRITICAL syntax error, unexpected ',' in D:\wamp64\www\job\gco\wp\do-go-nam-phat\wp-content\themes\do-go-nam-phat\inc\woocommerce.php on line 399

2021-07-21T03:58:30+00:00 CRITICAL syntax error, unexpected 'public' (T_PUBLIC), expecting end of file in D:\wamp64\www\job\gco\wp\do-go-nam-phat\wp-content\themes\do-go-nam-phat\inc\woocommerce.php on line 379

2021-07-21T03:58:38+00:00 CRITICAL syntax error, unexpected 'public' (T_PUBLIC), expecting end of file in D:\wamp64\www\job\gco\wp\do-go-nam-phat\wp-content\themes\do-go-nam-phat\inc\woocommerce.php on line 379

2021-07-21T04:02:35+00:00 CRITICAL Uncaught Error: Call to undefined function custom_category_descriptions_allow_html_2() in D:\wamp64\www\job\gco\wp\do-go-nam-phat\wp-content\themes\do-go-nam-phat\woocommerce\taxonomy-product-cat.php:47
Stack trace:
#0 D:\wamp64\www\job\gco\wp\do-go-nam-phat\wp-includes\template-loader.php(106): include()
#1 D:\wamp64\www\job\gco\wp\do-go-nam-phat\wp-blog-header.php(19): require_once('D:\\wamp64\\www\\j...')
#2 D:\wamp64\www\job\gco\wp\do-go-nam-phat\index.php(17): require('D:\\wamp64\\www\\j...')
#3 {main}
  thrown in D:\wamp64\www\job\gco\wp\do-go-nam-phat\wp-content\themes\do-go-nam-phat\woocommerce\taxonomy-product-cat.php on line 47

2021-07-21T04:06:09+00:00 CRITICAL Uncaught Error: Call to undefined function custom_category_descriptions_allow_html() in D:\wamp64\www\job\gco\wp\do-go-nam-phat\wp-content\themes\do-go-nam-phat\woocommerce\taxonomy-product-cat.php:47
Stack trace:
#0 D:\wamp64\www\job\gco\wp\do-go-nam-phat\wp-includes\template-loader.php(106): include()
#1 D:\wamp64\www\job\gco\wp\do-go-nam-phat\wp-blog-header.php(19): require_once('D:\\wamp64\\www\\j...')
#2 D:\wamp64\www\job\gco\wp\do-go-nam-phat\index.php(17): require('D:\\wamp64\\www\\j...')
#3 {main}
  thrown in D:\wamp64\www\job\gco\wp\do-go-nam-phat\wp-content\themes\do-go-nam-phat\woocommerce\taxonomy-product-cat.php on line 47

2021-07-21T06:47:51+00:00 CRITICAL syntax error, unexpected 'if' (T_IF) in D:\wamp64\www\job\gco\wp\do-go-nam-phat\wp-content\themes\do-go-nam-phat\woocommerce\taxonomy-product-cat.php on line 45

