2021-06-11T04:05:44+00:00 CRITICAL Uncaught Error: Function name must be a string in D:\wamp64\www\job\gco\wp\minh-quy-glass\wp-content\themes\minh-quy-glass\footer.php:48
Stack trace:
#0 D:\wamp64\www\job\gco\wp\minh-quy-glass\wp-includes\template.php(730): require_once()
#1 D:\wamp64\www\job\gco\wp\minh-quy-glass\wp-includes\template.php(676): load_template('D:\\wamp64\\www\\j...', true, Array)
#2 D:\wamp64\www\job\gco\wp\minh-quy-glass\wp-includes\general-template.php(92): locate_template(Array, true, true, Array)
#3 D:\wamp64\www\job\gco\wp\minh-quy-glass\wp-content\themes\minh-quy-glass\templates\home.php(71): get_footer()
#4 D:\wamp64\www\job\gco\wp\minh-quy-glass\wp-includes\template-loader.php(106): include('D:\\wamp64\\www\\j...')
#5 D:\wamp64\www\job\gco\wp\minh-quy-glass\wp-blog-header.php(19): require_once('D:\\wamp64\\www\\j...')
#6 D:\wamp64\www\job\gco\wp\minh-quy-glass\index.php(17): require('D:\\wamp64\\www\\j...')
#7 {main}
  thrown in D:\wamp64\www\job\gco\wp\minh-quy-glass\wp-content\themes\minh-quy-glass\footer.php on line 48

2021-06-11T04:07:35+00:00 CRITICAL Uncaught Error: Function name must be a string in D:\wamp64\www\job\gco\wp\minh-quy-glass\wp-content\themes\minh-quy-glass\footer.php:48
Stack trace:
#0 D:\wamp64\www\job\gco\wp\minh-quy-glass\wp-includes\template.php(730): require_once()
#1 D:\wamp64\www\job\gco\wp\minh-quy-glass\wp-includes\template.php(676): load_template('D:\\wamp64\\www\\j...', true, Array)
#2 D:\wamp64\www\job\gco\wp\minh-quy-glass\wp-includes\general-template.php(92): locate_template(Array, true, true, Array)
#3 D:\wamp64\www\job\gco\wp\minh-quy-glass\wp-content\themes\minh-quy-glass\templates\home.php(71): get_footer()
#4 D:\wamp64\www\job\gco\wp\minh-quy-glass\wp-includes\template-loader.php(106): include('D:\\wamp64\\www\\j...')
#5 D:\wamp64\www\job\gco\wp\minh-quy-glass\wp-blog-header.php(19): require_once('D:\\wamp64\\www\\j...')
#6 D:\wamp64\www\job\gco\wp\minh-quy-glass\index.php(17): require('D:\\wamp64\\www\\j...')
#7 {main}
  thrown in D:\wamp64\www\job\gco\wp\minh-quy-glass\wp-content\themes\minh-quy-glass\footer.php on line 48

2021-06-11T04:08:15+00:00 CRITICAL Uncaught Error: Function name must be a string in D:\wamp64\www\job\gco\wp\minh-quy-glass\wp-content\themes\minh-quy-glass\footer.php:48
Stack trace:
#0 D:\wamp64\www\job\gco\wp\minh-quy-glass\wp-includes\template.php(730): require_once()
#1 D:\wamp64\www\job\gco\wp\minh-quy-glass\wp-includes\template.php(676): load_template('D:\\wamp64\\www\\j...', true, Array)
#2 D:\wamp64\www\job\gco\wp\minh-quy-glass\wp-includes\general-template.php(92): locate_template(Array, true, true, Array)
#3 D:\wamp64\www\job\gco\wp\minh-quy-glass\wp-content\themes\minh-quy-glass\templates\home.php(71): get_footer()
#4 D:\wamp64\www\job\gco\wp\minh-quy-glass\wp-includes\template-loader.php(106): include('D:\\wamp64\\www\\j...')
#5 D:\wamp64\www\job\gco\wp\minh-quy-glass\wp-blog-header.php(19): require_once('D:\\wamp64\\www\\j...')
#6 D:\wamp64\www\job\gco\wp\minh-quy-glass\index.php(17): require('D:\\wamp64\\www\\j...')
#7 {main}
  thrown in D:\wamp64\www\job\gco\wp\minh-quy-glass\wp-content\themes\minh-quy-glass\footer.php on line 48

2021-06-11T04:08:47+00:00 CRITICAL Uncaught Error: Function name must be a string in D:\wamp64\www\job\gco\wp\minh-quy-glass\wp-content\themes\minh-quy-glass\footer.php:48
Stack trace:
#0 D:\wamp64\www\job\gco\wp\minh-quy-glass\wp-includes\template.php(730): require_once()
#1 D:\wamp64\www\job\gco\wp\minh-quy-glass\wp-includes\template.php(676): load_template('D:\\wamp64\\www\\j...', true, Array)
#2 D:\wamp64\www\job\gco\wp\minh-quy-glass\wp-includes\general-template.php(92): locate_template(Array, true, true, Array)
#3 D:\wamp64\www\job\gco\wp\minh-quy-glass\wp-content\themes\minh-quy-glass\templates\home.php(71): get_footer()
#4 D:\wamp64\www\job\gco\wp\minh-quy-glass\wp-includes\template-loader.php(106): include('D:\\wamp64\\www\\j...')
#5 D:\wamp64\www\job\gco\wp\minh-quy-glass\wp-blog-header.php(19): require_once('D:\\wamp64\\www\\j...')
#6 D:\wamp64\www\job\gco\wp\minh-quy-glass\index.php(17): require('D:\\wamp64\\www\\j...')
#7 {main}
  thrown in D:\wamp64\www\job\gco\wp\minh-quy-glass\wp-content\themes\minh-quy-glass\footer.php on line 48

2021-06-11T04:47:12+00:00 CRITICAL syntax error, unexpected 'endwhile' (T_ENDWHILE), expecting elseif (T_ELSEIF) or else (T_ELSE) or endif (T_ENDIF) in D:\wamp64\www\job\gco\wp\minh-quy-glass\wp-content\themes\minh-quy-glass\templates\addons\slidershow.php on line 59

