2021-06-15T01:19:55+00:00 CRITICAL Cannot redeclare create_widget_blogs() (previously declared in D:\wamp64\www\job\gco\wp\minh-quy-glass\wp-content\themes\minh-quy-glass\inc\widgets\widget-blogs.php:11) in D:\wamp64\www\job\gco\wp\minh-quy-glass\wp-content\themes\minh-quy-glass\inc\widgets\widget-bao-gia.php on line 11

2021-06-15T01:20:54+00:00 CRITICAL Cannot declare class Widget_Blogs, because the name is already in use in D:\wamp64\www\job\gco\wp\minh-quy-glass\wp-content\themes\minh-quy-glass\inc\widgets\widget-bao-gia.php on line 0

2021-06-15T01:55:36+00:00 CRITICAL syntax error, unexpected '>' in D:\wamp64\www\job\gco\wp\minh-quy-glass\wp-content\themes\minh-quy-glass\inc\setup.php on line 437

2021-06-15T03:26:45+00:00 CRITICAL syntax error, unexpected 'endwhile' (T_ENDWHILE) in D:\wamp64\www\job\gco\wp\minh-quy-glass\wp-content\themes\minh-quy-glass\templates\addons\brands.php on line 58

2021-06-15T07:11:12+00:00 CRITICAL syntax error, unexpected ''aa'' (T_CONSTANT_ENCAPSED_STRING), expecting ',' or ';' in D:\wamp64\www\job\gco\wp\minh-quy-glass\wp-content\themes\minh-quy-glass\inc\breadcrumbs\breadcrumb-image.php on line 103

2021-06-15T07:40:47+00:00 CRITICAL Cannot redeclare lth_custom_imgs_single_product() (previously declared in D:\wamp64\www\job\gco\wp\minh-quy-glass\wp-content\themes\minh-quy-glass\inc\BFI_Thumb\setting.php:24) in D:\wamp64\www\job\gco\wp\minh-quy-glass\wp-content\themes\minh-quy-glass\inc\BFI_Thumb\setting.php on line 156

2021-06-15T07:40:48+00:00 CRITICAL Cannot redeclare lth_custom_imgs_single_product() (previously declared in D:\wamp64\www\job\gco\wp\minh-quy-glass\wp-content\themes\minh-quy-glass\inc\BFI_Thumb\setting.php:24) in D:\wamp64\www\job\gco\wp\minh-quy-glass\wp-content\themes\minh-quy-glass\inc\BFI_Thumb\setting.php on line 156

2021-06-15T07:42:47+00:00 CRITICAL Cannot redeclare lth_custom_imgs_single_product() (previously declared in D:\wamp64\www\job\gco\wp\minh-quy-glass\wp-content\themes\minh-quy-glass\inc\BFI_Thumb\setting.php:24) in D:\wamp64\www\job\gco\wp\minh-quy-glass\wp-content\themes\minh-quy-glass\inc\BFI_Thumb\setting.php on line 170

2021-06-15T07:42:48+00:00 CRITICAL Cannot redeclare lth_custom_imgs_single_product() (previously declared in D:\wamp64\www\job\gco\wp\minh-quy-glass\wp-content\themes\minh-quy-glass\inc\BFI_Thumb\setting.php:24) in D:\wamp64\www\job\gco\wp\minh-quy-glass\wp-content\themes\minh-quy-glass\inc\BFI_Thumb\setting.php on line 170

2021-06-15T07:44:47+00:00 CRITICAL syntax error, unexpected ',' in D:\wamp64\www\job\gco\wp\minh-quy-glass\wp-content\themes\minh-quy-glass\inc\BFI_Thumb\setting.php on line 158

2021-06-15T07:44:49+00:00 CRITICAL syntax error, unexpected ',' in D:\wamp64\www\job\gco\wp\minh-quy-glass\wp-content\themes\minh-quy-glass\inc\BFI_Thumb\setting.php on line 158

2021-06-15T07:44:54+00:00 CRITICAL syntax error, unexpected ',' in D:\wamp64\www\job\gco\wp\minh-quy-glass\wp-content\themes\minh-quy-glass\inc\BFI_Thumb\setting.php on line 158

2021-06-15T07:45:08+00:00 CRITICAL syntax error, unexpected ',' in D:\wamp64\www\job\gco\wp\minh-quy-glass\wp-content\themes\minh-quy-glass\inc\BFI_Thumb\setting.php on line 158

2021-06-15T07:45:21+00:00 CRITICAL syntax error, unexpected ',' in D:\wamp64\www\job\gco\wp\minh-quy-glass\wp-content\themes\minh-quy-glass\inc\BFI_Thumb\setting.php on line 158

2021-06-15T07:45:31+00:00 CRITICAL Uncaught Error: Call to a member function get_gallery_image_ids() on null in D:\wamp64\www\job\gco\wp\minh-quy-glass\wp-content\themes\minh-quy-glass\inc\BFI_Thumb\setting.php:27
Stack trace:
#0 D:\wamp64\www\job\gco\wp\minh-quy-glass\wp-content\themes\minh-quy-glass\template-parts\project\content-single.php(7): lth_custom_imgs_single_product('full', 936, 554)
#1 D:\wamp64\www\job\gco\wp\minh-quy-glass\wp-includes\template.php(732): require('D:\\wamp64\\www\\j...')
#2 D:\wamp64\www\job\gco\wp\minh-quy-glass\wp-includes\template.php(676): load_template('D:\\wamp64\\www\\j...', false, Array)
#3 D:\wamp64\www\job\gco\wp\minh-quy-glass\wp-includes\general-template.php(204): locate_template(Array, true, false, Array)
#4 D:\wamp64\www\job\gco\wp\minh-quy-glass\wp-content\themes\minh-quy-glass\single-project.php(22): get_template_part('template-parts/...', 'single')
#5 D:\wamp64\www\job\gco\wp\minh-quy-glass\wp-includes\template-loader.php(106): include('D:\\wamp64\\www\\j...')
#6 D:\wamp64\www\job\gco\wp\minh-quy-g in D:\wamp64\www\job\gco\wp\minh-quy-glass\wp-content\themes\minh-quy-glass\inc\BFI_Thumb\setting.php on line 27

2021-06-15T07:46:09+00:00 CRITICAL Uncaught Error: Call to a member function get_gallery_image_ids() on null in D:\wamp64\www\job\gco\wp\minh-quy-glass\wp-content\themes\minh-quy-glass\inc\BFI_Thumb\setting.php:27
Stack trace:
#0 D:\wamp64\www\job\gco\wp\minh-quy-glass\wp-content\themes\minh-quy-glass\template-parts\project\content-single.php(7): lth_custom_imgs_single_product('full', 936, 554)
#1 D:\wamp64\www\job\gco\wp\minh-quy-glass\wp-includes\template.php(732): require('D:\\wamp64\\www\\j...')
#2 D:\wamp64\www\job\gco\wp\minh-quy-glass\wp-includes\template.php(676): load_template('D:\\wamp64\\www\\j...', false, Array)
#3 D:\wamp64\www\job\gco\wp\minh-quy-glass\wp-includes\general-template.php(204): locate_template(Array, true, false, Array)
#4 D:\wamp64\www\job\gco\wp\minh-quy-glass\wp-content\themes\minh-quy-glass\single-project.php(22): get_template_part('template-parts/...', 'single')
#5 D:\wamp64\www\job\gco\wp\minh-quy-glass\wp-includes\template-loader.php(106): include('D:\\wamp64\\www\\j...')
#6 D:\wamp64\www\job\gco\wp\minh-quy-g in D:\wamp64\www\job\gco\wp\minh-quy-glass\wp-content\themes\minh-quy-glass\inc\BFI_Thumb\setting.php on line 27

2021-06-15T07:51:22+00:00 CRITICAL syntax error, unexpected ',' in D:\wamp64\www\job\gco\wp\minh-quy-glass\wp-content\themes\minh-quy-glass\inc\BFI_Thumb\setting.php on line 155

2021-06-15T07:52:13+00:00 CRITICAL syntax error, unexpected ',' in D:\wamp64\www\job\gco\wp\minh-quy-glass\wp-content\themes\minh-quy-glass\inc\BFI_Thumb\setting.php on line 155

2021-06-15T08:12:02+00:00 CRITICAL syntax error, unexpected 'elseif' (T_ELSEIF), expecting end of file in D:\wamp64\www\job\gco\wp\minh-quy-glass\wp-content\themes\minh-quy-glass\inc\breadcrumbs\breadcrumb-image.php on line 37

2021-06-15T08:15:49+00:00 CRITICAL syntax error, unexpected ''->'' (T_CONSTANT_ENCAPSED_STRING), expecting ',' or ';' in D:\wamp64\www\job\gco\wp\minh-quy-glass\wp-content\themes\minh-quy-glass\inc\breadcrumbs\breadcrumb-image.php on line 76

2021-06-15T09:48:50+00:00 CRITICAL Uncaught ArgumentCountError: Too few arguments to function get_page_by_title(), 0 passed in D:\wamp64\www\job\gco\wp\minh-quy-glass\wp-content\themes\minh-quy-glass\templates\projects.php on line 12 and at least 1 expected in D:\wamp64\www\job\gco\wp\minh-quy-glass\wp-includes\post.php:5417
Stack trace:
#0 D:\wamp64\www\job\gco\wp\minh-quy-glass\wp-content\themes\minh-quy-glass\templates\projects.php(12): get_page_by_title()
#1 D:\wamp64\www\job\gco\wp\minh-quy-glass\wp-includes\template-loader.php(106): include('D:\\wamp64\\www\\j...')
#2 D:\wamp64\www\job\gco\wp\minh-quy-glass\wp-blog-header.php(19): require_once('D:\\wamp64\\www\\j...')
#3 D:\wamp64\www\job\gco\wp\minh-quy-glass\index.php(17): require('D:\\wamp64\\www\\j...')
#4 {main}
  thrown in D:\wamp64\www\job\gco\wp\minh-quy-glass\wp-includes\post.php on line 5417

