2021-06-14T01:09:28+00:00 CRITICAL require_once(): Failed opening required 'D:\wamp64\www\job\gco\wp\minh-quy-glass/wp-content/themes/minh-quy-glass/inc/paginations/pagination.php' (include_path='.;C:\php\pear') in D:\wamp64\www\job\gco\wp\minh-quy-glass\wp-content\themes\minh-quy-glass\woocommerce\taxonomy-product-cat.php on line 105

2021-06-14T02:54:56+00:00 CRITICAL syntax error, unexpected 'foreach' (T_FOREACH) in D:\wamp64\www\job\gco\wp\minh-quy-glass\wp-content\themes\minh-quy-glass\woocommerce\content-single-product.php on line 140

2021-06-14T03:22:08+00:00 CRITICAL Object of class WP_Post could not be converted to string in D:\wamp64\www\job\gco\wp\minh-quy-glass\wp-includes\post-template.php on line 49

2021-06-14T03:23:40+00:00 CRITICAL Uncaught Error: Call to undefined function get_title() in D:\wamp64\www\job\gco\wp\minh-quy-glass\wp-content\themes\minh-quy-glass\woocommerce\content-single-product.php:153
Stack trace:
#0 D:\wamp64\www\job\gco\wp\minh-quy-glass\wp-includes\template.php(732): require()
#1 D:\wamp64\www\job\gco\wp\minh-quy-glass\wp-content\plugins\woocommerce\includes\wc-core-functions.php(284): load_template('D:\\wamp64\\www\\j...', false)
#2 D:\wamp64\www\job\gco\wp\minh-quy-glass\wp-content\themes\minh-quy-glass\woocommerce\single-product.php(31): wc_get_template_part('content', 'single-product')
#3 D:\wamp64\www\job\gco\wp\minh-quy-glass\wp-includes\template-loader.php(106): include('D:\\wamp64\\www\\j...')
#4 D:\wamp64\www\job\gco\wp\minh-quy-glass\wp-blog-header.php(19): require_once('D:\\wamp64\\www\\j...')
#5 D:\wamp64\www\job\gco\wp\minh-quy-glass\index.php(17): require('D:\\wamp64\\www\\j...')
#6 {main}
  thrown in D:\wamp64\www\job\gco\wp\minh-quy-glass\wp-content\themes\minh-quy-glass\woocommerce\content-single-product.php on line 153

2021-06-14T03:24:03+00:00 CRITICAL Uncaught Error: Call to undefined function get_title() in D:\wamp64\www\job\gco\wp\minh-quy-glass\wp-content\themes\minh-quy-glass\woocommerce\content-single-product.php:154
Stack trace:
#0 D:\wamp64\www\job\gco\wp\minh-quy-glass\wp-includes\template.php(732): require()
#1 D:\wamp64\www\job\gco\wp\minh-quy-glass\wp-content\plugins\woocommerce\includes\wc-core-functions.php(284): load_template('D:\\wamp64\\www\\j...', false)
#2 D:\wamp64\www\job\gco\wp\minh-quy-glass\wp-content\themes\minh-quy-glass\woocommerce\single-product.php(31): wc_get_template_part('content', 'single-product')
#3 D:\wamp64\www\job\gco\wp\minh-quy-glass\wp-includes\template-loader.php(106): include('D:\\wamp64\\www\\j...')
#4 D:\wamp64\www\job\gco\wp\minh-quy-glass\wp-blog-header.php(19): require_once('D:\\wamp64\\www\\j...')
#5 D:\wamp64\www\job\gco\wp\minh-quy-glass\index.php(17): require('D:\\wamp64\\www\\j...')
#6 {main}
  thrown in D:\wamp64\www\job\gco\wp\minh-quy-glass\wp-content\themes\minh-quy-glass\woocommerce\content-single-product.php on line 154

2021-06-14T05:18:21+00:00 CRITICAL syntax error, unexpected '$post_id' (T_VARIABLE) in D:\wamp64\www\job\gco\wp\minh-quy-glass\wp-content\themes\minh-quy-glass\single.php on line 50

2021-06-14T05:18:34+00:00 CRITICAL syntax error, unexpected '$post' (T_VARIABLE) in D:\wamp64\www\job\gco\wp\minh-quy-glass\wp-content\themes\minh-quy-glass\single.php on line 50

2021-06-14T05:18:48+00:00 CRITICAL syntax error, unexpected '$post' (T_VARIABLE) in D:\wamp64\www\job\gco\wp\minh-quy-glass\wp-content\themes\minh-quy-glass\single.php on line 50

2021-06-14T06:29:13+00:00 CRITICAL syntax error, unexpected ')' in D:\wamp64\www\job\gco\wp\minh-quy-glass\wp-content\themes\minh-quy-glass\single.php on line 50

2021-06-14T06:37:19+00:00 CRITICAL syntax error, unexpected end of file in D:\wamp64\www\job\gco\wp\minh-quy-glass\wp-content\themes\minh-quy-glass\single.php on line 116

2021-06-14T08:40:57+00:00 CRITICAL Uncaught Error: Function name must be a string in D:\wamp64\www\job\gco\wp\minh-quy-glass\wp-content\themes\minh-quy-glass\inc\breadcrumbs\breadcrumb-image.php:40
Stack trace:
#0 D:\wamp64\www\job\gco\wp\minh-quy-glass\wp-content\themes\minh-quy-glass\inc\breadcrumbs.php(6): require_once()
#1 D:\wamp64\www\job\gco\wp\minh-quy-glass\wp-content\themes\minh-quy-glass\single.php(10): require_once('D:\\wamp64\\www\\j...')
#2 D:\wamp64\www\job\gco\wp\minh-quy-glass\wp-includes\template-loader.php(106): include('D:\\wamp64\\www\\j...')
#3 D:\wamp64\www\job\gco\wp\minh-quy-glass\wp-blog-header.php(19): require_once('D:\\wamp64\\www\\j...')
#4 D:\wamp64\www\job\gco\wp\minh-quy-glass\index.php(17): require('D:\\wamp64\\www\\j...')
#5 {main}
  thrown in D:\wamp64\www\job\gco\wp\minh-quy-glass\wp-content\themes\minh-quy-glass\inc\breadcrumbs\breadcrumb-image.php on line 40

