2021-09-14T02:29:01+00:00 CRITICAL Object of class WP_Error could not be converted to string in D:\wamp64\www\job\gco\wp\kitchenhome\wp-content\themes\kitchenhome\inc\breadcrumbs.php on line 27

2021-09-14T03:10:36+00:00 CRITICAL syntax error, unexpected end of file in D:\wamp64\www\job\gco\wp\kitchenhome\wp-content\themes\kitchenhome\woocommerce\taxonomy-product-cat.php on line 358

2021-09-14T03:32:06+00:00 CRITICAL syntax error, unexpected ';' in D:\wamp64\www\job\gco\wp\kitchenhome\wp-content\themes\kitchenhome\woocommerce\product-box\product-box-4.php on line 55

2021-09-14T03:35:55+00:00 CRITICAL syntax error, unexpected 'endif' (T_ENDIF) in D:\wamp64\www\job\gco\wp\kitchenhome\wp-content\themes\kitchenhome\woocommerce\product-box\product-box-4.php on line 69

2021-09-14T03:42:31+00:00 CRITICAL syntax error, unexpected 'if' (T_IF) in D:\wamp64\www\job\gco\wp\kitchenhome\wp-content\themes\kitchenhome\woocommerce\product-box\product-box-4.php on line 58

2021-09-14T03:58:29+00:00 CRITICAL syntax error, unexpected '}', expecting elseif (T_ELSEIF) or else (T_ELSE) or endif (T_ENDIF) in D:\wamp64\www\job\gco\wp\kitchenhome\wp-content\themes\kitchenhome\woocommerce\product-box\product-box-3.php on line 45

2021-09-14T08:47:31+00:00 CRITICAL Object of class WP_Error could not be converted to string in D:\wamp64\www\job\gco\wp\kitchenhome\wp-content\themes\kitchenhome\woocommerce\taxonomy-product-cat.php on line 324

2021-09-14T08:49:25+00:00 CRITICAL Object of class WP_Error could not be converted to string in D:\wamp64\www\job\gco\wp\kitchenhome\wp-content\themes\kitchenhome\woocommerce\taxonomy-product-cat.php on line 324

2021-09-14T08:52:26+00:00 CRITICAL Object of class WP_Error could not be converted to string in D:\wamp64\www\job\gco\wp\kitchenhome\wp-content\themes\kitchenhome\woocommerce\taxonomy-product-cat.php on line 324

2021-09-14T08:53:36+00:00 CRITICAL Object of class WP_Error could not be converted to string in D:\wamp64\www\job\gco\wp\kitchenhome\wp-content\themes\kitchenhome\woocommerce\taxonomy-product-cat.php on line 324

2021-09-14T10:57:15+00:00 CRITICAL syntax error, unexpected '?>' in D:\wamp64\www\job\gco\wp\kitchenhome\wp-content\themes\kitchenhome\inc\pagination.php on line 9

2021-09-14T15:27:06+00:00 CRITICAL Uncaught Error: Class 'WPSEO_Primary_Term' not found in D:\wamp64\www\job\gco\wp\kitchenhome\wp-content\themes\kitchenhome\inc\breadcrumbs\breadcrumb-content.php:73
Stack trace:
#0 D:\wamp64\www\job\gco\wp\kitchenhome\wp-content\themes\kitchenhome\inc\breadcrumbs.php(3): require_once()
#1 D:\wamp64\www\job\gco\wp\kitchenhome\wp-content\themes\kitchenhome\woocommerce\content-single-product.php(35): require_once('D:\\wamp64\\www\\j...')
#2 D:\wamp64\www\job\gco\wp\kitchenhome\wp-includes\template.php(772): require('D:\\wamp64\\www\\j...')
#3 D:\wamp64\www\job\gco\wp\kitchenhome\wp-content\plugins\woocommerce\includes\wc-core-functions.php(284): load_template('D:\\wamp64\\www\\j...', false)
#4 D:\wamp64\www\job\gco\wp\kitchenhome\wp-content\themes\kitchenhome\woocommerce\single-product.php(31): wc_get_template_part('content', 'single-product')
#5 D:\wamp64\www\job\gco\wp\kitchenhome\wp-includes\template-loader.php(106): include('D:\\wamp64\\www\\j...')
#6 D:\wamp64\www\job\gco\wp\kitchenhome\wp-blog-header.php(1 in D:\wamp64\www\job\gco\wp\kitchenhome\wp-content\themes\kitchenhome\inc\breadcrumbs\breadcrumb-content.php on line 73

2021-09-14T15:27:47+00:00 CRITICAL Uncaught Error: Class 'WPSEO_Primary_Term' not found in D:\wamp64\www\job\gco\wp\kitchenhome\wp-content\themes\kitchenhome\inc\breadcrumbs\breadcrumb-content.php:73
Stack trace:
#0 D:\wamp64\www\job\gco\wp\kitchenhome\wp-content\themes\kitchenhome\inc\breadcrumbs.php(3): require_once()
#1 D:\wamp64\www\job\gco\wp\kitchenhome\wp-content\themes\kitchenhome\woocommerce\single-product.php(24): require_once('D:\\wamp64\\www\\j...')
#2 D:\wamp64\www\job\gco\wp\kitchenhome\wp-includes\template-loader.php(106): include('D:\\wamp64\\www\\j...')
#3 D:\wamp64\www\job\gco\wp\kitchenhome\wp-blog-header.php(19): require_once('D:\\wamp64\\www\\j...')
#4 D:\wamp64\www\job\gco\wp\kitchenhome\index.php(17): require('D:\\wamp64\\www\\j...')
#5 {main}
  thrown in D:\wamp64\www\job\gco\wp\kitchenhome\wp-content\themes\kitchenhome\inc\breadcrumbs\breadcrumb-content.php on line 73

