2021-09-16T03:52:42+00:00 CRITICAL Uncaught Error: Call to a member function get_primary_term() on null in D:\wamp64\www\job\gco\wp\kitchenhome\wp-content\themes\kitchenhome\woocommerce\content-single-product.php:448
Stack trace:
#0 D:\wamp64\www\job\gco\wp\kitchenhome\wp-includes\template.php(772): require()
#1 D:\wamp64\www\job\gco\wp\kitchenhome\wp-content\plugins\woocommerce\includes\wc-core-functions.php(284): load_template('D:\\wamp64\\www\\j...', false)
#2 D:\wamp64\www\job\gco\wp\kitchenhome\wp-content\themes\kitchenhome\woocommerce\single-product.php(33): wc_get_template_part('content', 'single-product')
#3 D:\wamp64\www\job\gco\wp\kitchenhome\wp-includes\template-loader.php(106): include('D:\\wamp64\\www\\j...')
#4 D:\wamp64\www\job\gco\wp\kitchenhome\wp-blog-header.php(19): require_once('D:\\wamp64\\www\\j...')
#5 D:\wamp64\www\job\gco\wp\kitchenhome\index.php(17): require('D:\\wamp64\\www\\j...')
#6 {main}
  thrown in D:\wamp64\www\job\gco\wp\kitchenhome\wp-content\themes\kitchenhome\woocommerce\content-single-product.php on line 448

2021-09-16T03:53:04+00:00 CRITICAL Uncaught Error: Call to undefined function WPSEO_Primary_Term() in D:\wamp64\www\job\gco\wp\kitchenhome\wp-content\themes\kitchenhome\woocommerce\content-single-product.php:448
Stack trace:
#0 D:\wamp64\www\job\gco\wp\kitchenhome\wp-includes\template.php(772): require()
#1 D:\wamp64\www\job\gco\wp\kitchenhome\wp-content\plugins\woocommerce\includes\wc-core-functions.php(284): load_template('D:\\wamp64\\www\\j...', false)
#2 D:\wamp64\www\job\gco\wp\kitchenhome\wp-content\themes\kitchenhome\woocommerce\single-product.php(33): wc_get_template_part('content', 'single-product')
#3 D:\wamp64\www\job\gco\wp\kitchenhome\wp-includes\template-loader.php(106): include('D:\\wamp64\\www\\j...')
#4 D:\wamp64\www\job\gco\wp\kitchenhome\wp-blog-header.php(19): require_once('D:\\wamp64\\www\\j...')
#5 D:\wamp64\www\job\gco\wp\kitchenhome\index.php(17): require('D:\\wamp64\\www\\j...')
#6 {main}
  thrown in D:\wamp64\www\job\gco\wp\kitchenhome\wp-content\themes\kitchenhome\woocommerce\content-single-product.php on line 448

2021-09-16T03:56:51+00:00 CRITICAL syntax error, unexpected ';', expecting ']' in D:\wamp64\www\job\gco\wp\kitchenhome\wp-content\themes\kitchenhome\woocommerce\content-single-product.php on line 457

2021-09-16T07:14:04+00:00 CRITICAL Uncaught Error: Call to a member function get_checkout_fields() on null in D:\wamp64\www\job\gco\wp\kitchenhome\wp-content\themes\kitchenhome\woocommerce\cart\cart.php:138
Stack trace:
#0 D:\wamp64\www\job\gco\wp\kitchenhome\wp-content\plugins\woocommerce\includes\wc-core-functions.php(345): include()
#1 D:\wamp64\www\job\gco\wp\kitchenhome\wp-content\plugins\woocommerce\includes\shortcodes\class-wc-shortcode-cart.php(99): wc_get_template('cart/cart.php')
#2 D:\wamp64\www\job\gco\wp\kitchenhome\wp-content\plugins\woocommerce\includes\class-wc-shortcodes.php(72): WC_Shortcode_Cart::output(Array)
#3 D:\wamp64\www\job\gco\wp\kitchenhome\wp-content\plugins\woocommerce\includes\class-wc-shortcodes.php(85): WC_Shortcodes::shortcode_wrapper(Array)
#4 D:\wamp64\www\job\gco\wp\kitchenhome\wp-includes\shortcodes.php(356): WC_Shortcodes::cart('', '', 'woocommerce_car...')
#5 [internal function]: do_shortcode_tag(Array)
#6 D:\wamp64\www\job\gco\wp\kitchenhome\wp-includes\shortcodes.php(228): preg_replace_callback('/\\[(\ in D:\wamp64\www\job\gco\wp\kitchenhome\wp-content\themes\kitchenhome\woocommerce\cart\cart.php on line 138

