2021-09-17T03:27:57+00:00 CRITICAL Uncaught ArgumentCountError: Too few arguments to function setPostViews(), 0 passed in D:\wamp64\www\job\gco\wp\kitchenhome\wp-content\themes\kitchenhome\single.php on line 30 and exactly 1 expected in D:\wamp64\www\job\gco\wp\kitchenhome\wp-content\themes\kitchenhome\inc\setup.php:459
Stack trace:
#0 D:\wamp64\www\job\gco\wp\kitchenhome\wp-content\themes\kitchenhome\single.php(30): setPostViews()
#1 D:\wamp64\www\job\gco\wp\kitchenhome\wp-includes\template-loader.php(106): include('D:\\wamp64\\www\\j...')
#2 D:\wamp64\www\job\gco\wp\kitchenhome\wp-blog-header.php(19): require_once('D:\\wamp64\\www\\j...')
#3 D:\wamp64\www\job\gco\wp\kitchenhome\index.php(17): require('D:\\wamp64\\www\\j...')
#4 {main}
  thrown in D:\wamp64\www\job\gco\wp\kitchenhome\wp-content\themes\kitchenhome\inc\setup.php on line 459

2021-09-17T03:28:42+00:00 CRITICAL Uncaught ArgumentCountError: Too few arguments to function setPostViews(), 0 passed in D:\wamp64\www\job\gco\wp\kitchenhome\wp-content\themes\kitchenhome\single.php on line 30 and exactly 1 expected in D:\wamp64\www\job\gco\wp\kitchenhome\wp-content\themes\kitchenhome\inc\setup.php:459
Stack trace:
#0 D:\wamp64\www\job\gco\wp\kitchenhome\wp-content\themes\kitchenhome\single.php(30): setPostViews()
#1 D:\wamp64\www\job\gco\wp\kitchenhome\wp-includes\template-loader.php(106): include('D:\\wamp64\\www\\j...')
#2 D:\wamp64\www\job\gco\wp\kitchenhome\wp-blog-header.php(19): require_once('D:\\wamp64\\www\\j...')
#3 D:\wamp64\www\job\gco\wp\kitchenhome\index.php(17): require('D:\\wamp64\\www\\j...')
#4 {main}
  thrown in D:\wamp64\www\job\gco\wp\kitchenhome\wp-content\themes\kitchenhome\inc\setup.php on line 459

2021-09-17T03:29:19+00:00 CRITICAL Uncaught ArgumentCountError: Too few arguments to function setPostViews(), 0 passed in D:\wamp64\www\job\gco\wp\kitchenhome\wp-content\themes\kitchenhome\single.php on line 30 and exactly 1 expected in D:\wamp64\www\job\gco\wp\kitchenhome\wp-content\themes\kitchenhome\inc\setup.php:459
Stack trace:
#0 D:\wamp64\www\job\gco\wp\kitchenhome\wp-content\themes\kitchenhome\single.php(30): setPostViews()
#1 D:\wamp64\www\job\gco\wp\kitchenhome\wp-includes\template-loader.php(106): include('D:\\wamp64\\www\\j...')
#2 D:\wamp64\www\job\gco\wp\kitchenhome\wp-blog-header.php(19): require_once('D:\\wamp64\\www\\j...')
#3 D:\wamp64\www\job\gco\wp\kitchenhome\index.php(17): require('D:\\wamp64\\www\\j...')
#4 {main}
  thrown in D:\wamp64\www\job\gco\wp\kitchenhome\wp-content\themes\kitchenhome\inc\setup.php on line 459

2021-09-17T07:22:49+00:00 CRITICAL syntax error, unexpected '' | Bếp EU'' (T_CONSTANT_ENCAPSED_STRING), expecting ',' or ';' in D:\wamp64\www\job\gco\wp\kitchenhome\wp-content\themes\kitchenhome\archive.php on line 23

